<?xml version="1.0" encoding="UTF-8"?>
<testng-results skipped="0" failed="1" ignored="0" total="1" passed="0">
  <reporter-output>
    <line>
      <![CDATA[Initializing pre object like configData , excelData provider and html reports .. ]]>
    </line>
    <line>
      <![CDATA[prequisit is ready start the application...]]>
    </line>
    <line>
      <![CDATA[Before navigating to browser, we are getting the browsername to launch respective browser.. ]]>
    </line>
    <line>
      <![CDATA[launching the browser:   chrome]]>
    </line>
    <line>
      <![CDATA[Navigating to url:  https://www.crmpro.com/]]>
    </line>
    <line>
      <![CDATA[initializing login page object ]]>
    </line>
    <line>
      <![CDATA[initializing web element on login page ..]]>
    </line>
    <line>
      <![CDATA[Create login Test before start it..]]>
    </line>
    <line>
      <![CDATA[Test is about to end...]]>
    </line>
  </reporter-output>
  <suite name="Default suite" duration-ms="61631" started-at="2019-10-11T09:54:51Z" finished-at="2019-10-11T09:55:53Z">
    <groups>
    </groups>
    <test name="Default test" duration-ms="61631" started-at="2019-10-11T09:54:51Z" finished-at="2019-10-11T09:55:53Z">
      <class name="com.visionit.freecrm.com.visionit.freecrm.hybridframwork.testcases.LoginPageTc">
        <test-method status="PASS" signature="intitialize()[pri:0, instance:com.visionit.freecrm.com.visionit.freecrm.hybridframwork.testcases.LoginPageTc@1794d431]" name="intitialize" is-config="true" duration-ms="1763" started-at="2019-10-11T09:54:49Z" finished-at="2019-10-11T09:54:51Z">
          <reporter-output>
            <line>
              <![CDATA[Initializing pre object like configData , excelData provider and html reports .. ]]>
            </line>
            <line>
              <![CDATA[prequisit is ready start the application...]]>
            </line>
          </reporter-output>
        </test-method> <!-- intitialize -->
        <test-method status="PASS" signature="setUp()[pri:0, instance:com.visionit.freecrm.com.visionit.freecrm.hybridframwork.testcases.LoginPageTc@1794d431]" name="setUp" is-config="true" duration-ms="20018" started-at="2019-10-11T09:54:51Z" finished-at="2019-10-11T09:55:11Z">
          <reporter-output>
            <line>
              <![CDATA[Before navigating to browser, we are getting the browsername to launch respective browser.. ]]>
            </line>
            <line>
              <![CDATA[launching the browser:   chrome]]>
            </line>
            <line>
              <![CDATA[Navigating to url:  https://www.crmpro.com/]]>
            </line>
            <line>
              <![CDATA[initializing login page object ]]>
            </line>
            <line>
              <![CDATA[initializing web element on login page ..]]>
            </line>
          </reporter-output>
        </test-method> <!-- setUp -->
        <test-method status="FAIL" signature="verifyloginToCrmProTest(java.lang.String, java.lang.String)[pri:4, instance:com.visionit.freecrm.com.visionit.freecrm.hybridframwork.testcases.LoginPageTc@1794d431]" name="verifyloginToCrmProTest" duration-ms="38217" started-at="2019-10-11T09:55:11Z" data-provider="getExcelData" finished-at="2019-10-11T09:55:49Z">
          <params>
            <param index="0">
              <value>
                <![CDATA[Mayuri_257]]>
              </value>
            </param>
            <param index="1">
              <value>
                <![CDATA[Myuri$257]]>
              </value>
            </param>
          </params>
          <exception class="org.openqa.selenium.NoSuchElementException">
            <message>
              <![CDATA[no such element: Unable to locate element: {"method":"xpath","selector":"/html/body/table[1]/tbody/tr[1]/td/table/tbody/tr/td[1]"}
  (Session info: chrome=77.0.3865.90)
For documentation on this error, please visit: http://seleniumhq.org/exceptions/no_such_element.html
Build info: version: '3.8.1', revision: '6e95a6684b', time: '2017-12-01T18:33:54.468Z'
System info: host: 'LAPTOP-19ENFF94', ip: '192.168.0.102', os.name: 'Windows 10', os.arch: 'amd64', os.version: '10.0', java.version: '1.8.0_221'
Driver info: org.openqa.selenium.chrome.ChromeDriver
Capabilities {acceptInsecureCerts: false, browserName: chrome, browserVersion: 77.0.3865.90, chrome: {chromedriverVersion: 76.0.3809.25 (a0c95f440512e..., userDataDir: C:\Users\PRAMOD~1\AppData\L...}, goog:chromeOptions: {debuggerAddress: localhost:60605}, javascriptEnabled: true, networkConnectionEnabled: false, pageLoadStrategy: normal, platform: XP, platformName: XP, proxy: Proxy(), setWindowRect: true, strictFileInteractability: false, timeouts: {implicit: 0, pageLoad: 300000, script: 30000}, unhandledPromptBehavior: dismiss and notify}
Session ID: f476b4ba576faa0c46670402950c069b
*** Element info: {Using=xpath, value=/html/body/table[1]/tbody/tr[1]/td/table/tbody/tr/td[1]}]]>
            </message>
            <full-stacktrace>
              <![CDATA[org.openqa.selenium.NoSuchElementException: no such element: Unable to locate element: {"method":"xpath","selector":"/html/body/table[1]/tbody/tr[1]/td/table/tbody/tr/td[1]"}
  (Session info: chrome=77.0.3865.90)
For documentation on this error, please visit: http://seleniumhq.org/exceptions/no_such_element.html
Build info: version: '3.8.1', revision: '6e95a6684b', time: '2017-12-01T18:33:54.468Z'
System info: host: 'LAPTOP-19ENFF94', ip: '192.168.0.102', os.name: 'Windows 10', os.arch: 'amd64', os.version: '10.0', java.version: '1.8.0_221'
Driver info: org.openqa.selenium.chrome.ChromeDriver
Capabilities {acceptInsecureCerts: false, browserName: chrome, browserVersion: 77.0.3865.90, chrome: {chromedriverVersion: 76.0.3809.25 (a0c95f440512e..., userDataDir: C:\Users\PRAMOD~1\AppData\L...}, goog:chromeOptions: {debuggerAddress: localhost:60605}, javascriptEnabled: true, networkConnectionEnabled: false, pageLoadStrategy: normal, platform: XP, platformName: XP, proxy: Proxy(), setWindowRect: true, strictFileInteractability: false, timeouts: {implicit: 0, pageLoad: 300000, script: 30000}, unhandledPromptBehavior: dismiss and notify}
Session ID: f476b4ba576faa0c46670402950c069b
*** Element info: {Using=xpath, value=/html/body/table[1]/tbody/tr[1]/td/table/tbody/tr/td[1]}
at sun.reflect.NativeConstructorAccessorImpl.newInstance0(Native Method)
at sun.reflect.NativeConstructorAccessorImpl.newInstance(Unknown Source)
at sun.reflect.DelegatingConstructorAccessorImpl.newInstance(Unknown Source)
at java.lang.reflect.Constructor.newInstance(Unknown Source)
at org.openqa.selenium.remote.http.W3CHttpResponseCodec.createException(W3CHttpResponseCodec.java:187)
at org.openqa.selenium.remote.http.W3CHttpResponseCodec.decode(W3CHttpResponseCodec.java:122)
at org.openqa.selenium.remote.http.W3CHttpResponseCodec.decode(W3CHttpResponseCodec.java:49)
at org.openqa.selenium.remote.HttpCommandExecutor.execute(HttpCommandExecutor.java:164)
at org.openqa.selenium.remote.service.DriverCommandExecutor.execute(DriverCommandExecutor.java:83)
at org.openqa.selenium.remote.RemoteWebDriver.execute(RemoteWebDriver.java:601)
at org.openqa.selenium.remote.RemoteWebDriver.findElement(RemoteWebDriver.java:371)
at org.openqa.selenium.remote.RemoteWebDriver.findElementByXPath(RemoteWebDriver.java:473)
at org.openqa.selenium.By$ByXPath.findElement(By.java:361)
at org.openqa.selenium.remote.RemoteWebDriver.findElement(RemoteWebDriver.java:363)
at com.visionit.freecrm.com.visionit.freecrm.hybridframwork.testcases.LoginPageTc.verifyloginToCrmProTest(LoginPageTc.java:96)
at sun.reflect.NativeMethodAccessorImpl.invoke0(Native Method)
at sun.reflect.NativeMethodAccessorImpl.invoke(Unknown Source)
at sun.reflect.DelegatingMethodAccessorImpl.invoke(Unknown Source)
at java.lang.reflect.Method.invoke(Unknown Source)
at org.testng.internal.MethodInvocationHelper.invokeMethod(MethodInvocationHelper.java:124)
at org.testng.internal.Invoker.invokeMethod(Invoker.java:580)
at org.testng.internal.Invoker.invokeTestMethod(Invoker.java:716)
at org.testng.internal.Invoker.invokeTestMethods(Invoker.java:988)
at org.testng.internal.TestMethodWorker.invokeTestMethods(TestMethodWorker.java:125)
at org.testng.internal.TestMethodWorker.run(TestMethodWorker.java:109)
at org.testng.TestRunner.privateRun(TestRunner.java:648)
at org.testng.TestRunner.run(TestRunner.java:505)
at org.testng.SuiteRunner.runTest(SuiteRunner.java:455)
at org.testng.SuiteRunner.runSequentially(SuiteRunner.java:450)
at org.testng.SuiteRunner.privateRun(SuiteRunner.java:415)
at org.testng.SuiteRunner.run(SuiteRunner.java:364)
at org.testng.SuiteRunnerWorker.runSuite(SuiteRunnerWorker.java:52)
at org.testng.SuiteRunnerWorker.run(SuiteRunnerWorker.java:84)
at org.testng.TestNG.runSuitesSequentially(TestNG.java:1208)
at org.testng.TestNG.runSuitesLocally(TestNG.java:1137)
at org.testng.TestNG.runSuites(TestNG.java:1049)
at org.testng.TestNG.run(TestNG.java:1017)
at org.testng.remote.AbstractRemoteTestNG.run(AbstractRemoteTestNG.java:114)
at org.testng.remote.RemoteTestNG.initAndRun(RemoteTestNG.java:251)
at org.testng.remote.RemoteTestNG.main(RemoteTestNG.java:77)
]]>
            </full-stacktrace>
          </exception> <!-- org.openqa.selenium.NoSuchElementException -->
          <reporter-output>
            <line>
              <![CDATA[Create login Test before start it..]]>
            </line>
          </reporter-output>
        </test-method> <!-- verifyloginToCrmProTest -->
        <test-method status="PASS" signature="tearDown(org.testng.ITestResult)[pri:0, instance:com.visionit.freecrm.com.visionit.freecrm.hybridframwork.testcases.LoginPageTc@1794d431]" name="tearDown" is-config="true" duration-ms="3291" started-at="2019-10-11T09:55:49Z" finished-at="2019-10-11T09:55:53Z">
          <params>
            <param index="0">
              <value>
                <![CDATA[[TestResult name=verifyloginToCrmProTest status=FAILURE method=LoginPageTc.verifyloginToCrmProTest(java.lang.String, java.lang.String)[pri:4, instance:com.visionit.freecrm.com.visionit.freecrm.hybridframwork.testcases.LoginPageTc@1794d431] output=Create login Test before start it..]]]>
              </value>
            </param>
          </params>
          <reporter-output>
            <line>
              <![CDATA[Test is about to end...]]>
            </line>
          </reporter-output>
        </test-method> <!-- tearDown -->
      </class> <!-- com.visionit.freecrm.com.visionit.freecrm.hybridframwork.testcases.LoginPageTc -->
    </test> <!-- Default test -->
  </suite> <!-- Default suite -->
</testng-results>
